c:\users\twice\source\repos\tetris-emulator v2.0\tetris-emulator v2.0\debug\vc142.pdb
c:\users\twice\source\repos\tetris-emulator v2.0\tetris-emulator v2.0\debug\vc142.idb
c:\users\twice\source\repos\tetris-emulator v2.0\tetris-emulator v2.0\debug\menu.nativecodeanalysis.sarif
c:\users\twice\source\repos\tetris-emulator v2.0\tetris-emulator v2.0\debug\menu.nativecodeanalysis.xml
c:\users\twice\source\repos\tetris-emulator v2.0\tetris-emulator v2.0\debug\map.nativecodeanalysis.sarif
c:\users\twice\source\repos\tetris-emulator v2.0\tetris-emulator v2.0\debug\map.nativecodeanalysis.xml
c:\users\twice\source\repos\tetris-emulator v2.0\tetris-emulator v2.0\debug\main.nativecodeanalysis.sarif
c:\users\twice\source\repos\tetris-emulator v2.0\tetris-emulator v2.0\debug\main.nativecodeanalysis.xml
c:\users\twice\source\repos\tetris-emulator v2.0\tetris-emulator v2.0\debug\label.nativecodeanalysis.sarif
c:\users\twice\source\repos\tetris-emulator v2.0\tetris-emulator v2.0\debug\label.nativecodeanalysis.xml
c:\users\twice\source\repos\tetris-emulator v2.0\tetris-emulator v2.0\debug\image.nativecodeanalysis.sarif
c:\users\twice\source\repos\tetris-emulator v2.0\tetris-emulator v2.0\debug\image.nativecodeanalysis.xml
c:\users\twice\source\repos\tetris-emulator v2.0\tetris-emulator v2.0\debug\gamefield.nativecodeanalysis.sarif
c:\users\twice\source\repos\tetris-emulator v2.0\tetris-emulator v2.0\debug\gamefield.nativecodeanalysis.xml
c:\users\twice\source\repos\tetris-emulator v2.0\tetris-emulator v2.0\debug\figure.nativecodeanalysis.sarif
c:\users\twice\source\repos\tetris-emulator v2.0\tetris-emulator v2.0\debug\figure.nativecodeanalysis.xml
c:\users\twice\source\repos\tetris-emulator v2.0\tetris-emulator v2.0\debug\cursor.nativecodeanalysis.sarif
c:\users\twice\source\repos\tetris-emulator v2.0\tetris-emulator v2.0\debug\cursor.nativecodeanalysis.xml
c:\users\twice\source\repos\tetris-emulator v2.0\tetris-emulator v2.0\debug\carenemy.nativecodeanalysis.sarif
c:\users\twice\source\repos\tetris-emulator v2.0\tetris-emulator v2.0\debug\carenemy.nativecodeanalysis.xml
c:\users\twice\source\repos\tetris-emulator v2.0\tetris-emulator v2.0\debug\car.nativecodeanalysis.sarif
c:\users\twice\source\repos\tetris-emulator v2.0\tetris-emulator v2.0\debug\car.nativecodeanalysis.xml
c:\users\twice\source\repos\tetris-emulator v2.0\tetris-emulator v2.0\debug\button.nativecodeanalysis.sarif
c:\users\twice\source\repos\tetris-emulator v2.0\tetris-emulator v2.0\debug\button.nativecodeanalysis.xml
c:\users\twice\source\repos\tetris-emulator v2.0\tetris-emulator v2.0\debug\buffer.nativecodeanalysis.sarif
c:\users\twice\source\repos\tetris-emulator v2.0\tetris-emulator v2.0\debug\buffer.nativecodeanalysis.xml
c:\users\twice\source\repos\tetris-emulator v2.0\tetris-emulator v2.0\debug\animation.nativecodeanalysis.sarif
c:\users\twice\source\repos\tetris-emulator v2.0\tetris-emulator v2.0\debug\animation.nativecodeanalysis.xml
c:\users\twice\source\repos\tetris-emulator v2.0\tetris-emulator v2.0\debug\animation.obj
c:\users\twice\source\repos\tetris-emulator v2.0\tetris-emulator v2.0\debug\buffer.obj
c:\users\twice\source\repos\tetris-emulator v2.0\tetris-emulator v2.0\debug\button.obj
c:\users\twice\source\repos\tetris-emulator v2.0\tetris-emulator v2.0\debug\car.obj
c:\users\twice\source\repos\tetris-emulator v2.0\tetris-emulator v2.0\debug\carenemy.obj
c:\users\twice\source\repos\tetris-emulator v2.0\tetris-emulator v2.0\debug\cursor.obj
c:\users\twice\source\repos\tetris-emulator v2.0\tetris-emulator v2.0\debug\figure.obj
c:\users\twice\source\repos\tetris-emulator v2.0\tetris-emulator v2.0\debug\gamefield.obj
c:\users\twice\source\repos\tetris-emulator v2.0\tetris-emulator v2.0\debug\image.obj
c:\users\twice\source\repos\tetris-emulator v2.0\tetris-emulator v2.0\debug\label.obj
c:\users\twice\source\repos\tetris-emulator v2.0\tetris-emulator v2.0\debug\main.obj
c:\users\twice\source\repos\tetris-emulator v2.0\tetris-emulator v2.0\debug\map.obj
c:\users\twice\source\repos\tetris-emulator v2.0\tetris-emulator v2.0\debug\menu.obj
c:\users\twice\source\repos\tetris-emulator v2.0\debug\tetris-emulator v2.0.ilk
c:\users\twice\source\repos\tetris-emulator v2.0\debug\tetris-emulator v2.0.exe
c:\users\twice\source\repos\tetris-emulator v2.0\debug\tetris-emulator v2.0.pdb
c:\users\twice\source\repos\tetris-emulator v2.0\tetris-emulator v2.0\debug\vc.nativecodeanalysis.all.xml
c:\users\twice\source\repos\tetris-emulator v2.0\tetris-emulator v2.0\debug\tetris-e.84379439.tlog\cl.command.1.tlog
c:\users\twice\source\repos\tetris-emulator v2.0\tetris-emulator v2.0\debug\tetris-e.84379439.tlog\cl.read.1.tlog
c:\users\twice\source\repos\tetris-emulator v2.0\tetris-emulator v2.0\debug\tetris-e.84379439.tlog\cl.write.1.tlog
c:\users\twice\source\repos\tetris-emulator v2.0\tetris-emulator v2.0\debug\tetris-e.84379439.tlog\link.command.1.tlog
c:\users\twice\source\repos\tetris-emulator v2.0\tetris-emulator v2.0\debug\tetris-e.84379439.tlog\link.read.1.tlog
c:\users\twice\source\repos\tetris-emulator v2.0\tetris-emulator v2.0\debug\tetris-e.84379439.tlog\link.write.1.tlog
